2018-03-14 14:18:08.848 [main] INFO  o.s.b.t.c.SpringBootTestContextBootstrapper - Neither @ContextConfiguration nor @ContextHierarchy found for test class [MainTest], using SpringBootContextLoader
2018-03-14 14:18:08.863 [main] INFO  o.s.t.c.s.AbstractContextLoader - Could not detect default resource locations for test class [MainTest]: no resource found for suffixes {-context.xml, Context.groovy}.
2018-03-14 14:18:09.543 [main] INFO  o.s.b.t.c.SpringBootTestContextBootstrapper - Loaded default TestExecutionListener class names from location [META-INF/spring.factories]: [org.springframework.boot.test.mock.mockito.MockitoTestExecutionListener, org.springframework.boot.test.mock.mockito.ResetMocksTestExecutionListener, org.springframework.boot.test.autoconfigure.restdocs.RestDocsTestExecutionListener, org.springframework.boot.test.autoconfigure.web.client.MockRestServiceServerResetTestExecutionListener, org.springframework.boot.test.autoconfigure.web.servlet.MockMvcPrintOnlyOnFailureTestExecutionListener, org.springframework.boot.test.autoconfigure.web.servlet.WebDriverTestExecutionListener, org.springframework.test.context.web.ServletTestExecutionListener, org.springframework.test.context.support.DirtiesContextBeforeModesTestExecutionListener, org.springframework.test.context.support.DependencyInjectionTestExecutionListener, org.springframework.test.context.support.DirtiesContextTestExecutionListener, org.springframework.test.context.transaction.TransactionalTestExecutionListener, org.springframework.test.context.jdbc.SqlScriptsTestExecutionListener]
2018-03-14 14:18:09.738 [main] INFO  o.s.b.t.c.SpringBootTestContextBootstrapper - Using TestExecutionListeners: [org.springframework.test.context.web.ServletTestExecutionListener@2d29b4ee, org.springframework.test.context.support.DirtiesContextBeforeModesTestExecutionListener@69ee81fc, org.springframework.boot.test.autoconfigure.SpringBootDependencyInjectionTestExecutionListener@6e2aa843, org.springframework.test.context.support.DirtiesContextTestExecutionListener@6f36c2f0, org.springframework.test.context.transaction.TransactionalTestExecutionListener@f58853c, org.springframework.test.context.jdbc.SqlScriptsTestExecutionListener@1224144a, org.springframework.boot.test.mock.mockito.MockitoTestExecutionListener@29f7cefd, org.springframework.boot.test.autoconfigure.web.client.MockRestServiceServerResetTestExecutionListener@700fb871, org.springframework.boot.test.autoconfigure.restdocs.RestDocsTestExecutionListener@3b35a229, org.springframework.boot.test.mock.mockito.ResetMocksTestExecutionListener@9816741, org.springframework.boot.test.autoconfigure.web.servlet.MockMvcPrintOnlyOnFailureTestExecutionListener@1e16c0aa, org.springframework.boot.test.autoconfigure.web.servlet.WebDriverTestExecutionListener@13d73f29]
2018-03-14 14:18:12.347 [main] INFO  MainTest - Starting MainTest on DESKTOP-T3B34NK with PID 13596 (started by admin in D:\IdeaProjects\boleiot)
2018-03-14 14:18:12.347 [main] INFO  MainTest - The following profiles are active: dev
2018-03-14 14:18:14.089 [main] INFO  o.s.w.c.s.GenericWebApplicationContext - Refreshing org.springframework.web.context.support.GenericWebApplicationContext@1cbf6e72: startup date [Wed Mar 14 14:18:14 CST 2018]; root of context hierarchy
2018-03-14 14:18:15.573 [background-preinit] INFO  o.h.validator.internal.util.Version - HV000001: Hibernate Validator 5.3.6.Final
2018-03-14 14:18:20.488 [main] INFO  o.s.d.r.c.RepositoryConfigurationDelegate - Multiple Spring Data modules found, entering strict repository configuration mode!
2018-03-14 14:18:22.617 [main] INFO  o.s.c.s.PostProcessorRegistrationDelegate$BeanPostProcessorChecker - Bean 'org.springframework.transaction.annotation.ProxyTransactionManagementConfiguration' of type [org.springframework.transaction.annotation.ProxyTransactionManagementConfiguration$$EnhancerBySpringCGLIB$$11965665] is not eligible for getting processed by all BeanPostProcessors (for example: not eligible for auto-proxying)
2018-03-14 14:18:22.745 [main] INFO  o.s.c.s.PostProcessorRegistrationDelegate$BeanPostProcessorChecker - Bean 'shiroConfig' of type [com.boleiot.shiro.ShiroConfig$$EnhancerBySpringCGLIB$$2a0b0c4d] is not eligible for getting processed by all BeanPostProcessors (for example: not eligible for auto-proxying)
2018-03-14 14:18:26.321 [main] INFO  o.s.c.s.PostProcessorRegistrationDelegate$BeanPostProcessorChecker - Bean 'redisConfig' of type [com.boleiot.config.RedisConfig$$EnhancerBySpringCGLIB$$8d03128e] is not eligible for getting processed by all BeanPostProcessors (for example: not eligible for auto-proxying)
2018-03-14 14:18:26.625 [main] INFO  o.s.c.s.PostProcessorRegistrationDelegate$BeanPostProcessorChecker - Bean 'spring.redis-org.springframework.boot.autoconfigure.data.redis.RedisProperties' of type [org.springframework.boot.autoconfigure.data.redis.RedisProperties] is not eligible for getting processed by all BeanPostProcessors (for example: not eligible for auto-proxying)
2018-03-14 14:18:26.636 [main] INFO  o.s.c.s.PostProcessorRegistrationDelegate$BeanPostProcessorChecker - Bean 'org.springframework.boot.autoconfigure.data.redis.RedisAutoConfiguration$RedisConnectionConfiguration' of type [org.springframework.boot.autoconfigure.data.redis.RedisAutoConfiguration$RedisConnectionConfiguration$$EnhancerBySpringCGLIB$$a5907d74] is not eligible for getting processed by all BeanPostProcessors (for example: not eligible for auto-proxying)
2018-03-14 14:18:26.886 [main] INFO  o.s.c.s.PostProcessorRegistrationDelegate$BeanPostProcessorChecker - Bean 'redisConnectionFactory' of type [org.springframework.data.redis.connection.jedis.JedisConnectionFactory] is not eligible for getting processed by all BeanPostProcessors (for example: not eligible for auto-proxying)
2018-03-14 14:18:26.944 [main] INFO  o.s.c.s.PostProcessorRegistrationDelegate$BeanPostProcessorChecker - Bean 'redisTemplate' of type [org.springframework.data.redis.core.RedisTemplate] is not eligible for getting processed by all BeanPostProcessors (for example: not eligible for auto-proxying)
2018-03-14 14:18:26.953 [main] INFO  o.s.c.s.PostProcessorRegistrationDelegate$BeanPostProcessorChecker - Bean 'redisServiceImpl' of type [com.boleiot.service.impl.RedisServiceImpl] is not eligible for getting processed by all BeanPostProcessors (for example: not eligible for auto-proxying)
2018-03-14 14:18:26.956 [main] INFO  o.s.c.s.PostProcessorRegistrationDelegate$BeanPostProcessorChecker - Bean 'credentialsMatcher' of type [com.boleiot.shiro.CredentialsMatcher] is not eligible for getting processed by all BeanPostProcessors (for example: not eligible for auto-proxying)
2018-03-14 14:18:27.174 [main] INFO  o.s.c.s.PostProcessorRegistrationDelegate$BeanPostProcessorChecker - Bean 'mybatis-org.mybatis.spring.boot.autoconfigure.MybatisProperties' of type [org.mybatis.spring.boot.autoconfigure.MybatisProperties] is not eligible for getting processed by all BeanPostProcessors (for example: not eligible for auto-proxying)
2018-03-14 14:18:27.183 [main] INFO  o.s.c.s.PostProcessorRegistrationDelegate$BeanPostProcessorChecker - Bean 'org.mybatis.spring.boot.autoconfigure.MybatisAutoConfiguration' of type [org.mybatis.spring.boot.autoconfigure.MybatisAutoConfiguration$$EnhancerBySpringCGLIB$$446aa795] is not eligible for getting processed by all BeanPostProcessors (for example: not eligible for auto-proxying)
2018-03-14 14:18:27.195 [main] INFO  o.s.c.s.PostProcessorRegistrationDelegate$BeanPostProcessorChecker - Bean 'com.alibaba.druid.spring.boot.autoconfigure.DruidDataSourceAutoConfigure' of type [com.alibaba.druid.spring.boot.autoconfigure.DruidDataSourceAutoConfigure$$EnhancerBySpringCGLIB$$2b424bd7] is not eligible for getting processed by all BeanPostProcessors (for example: not eligible for auto-proxying)
2018-03-14 14:18:27.977 [main] INFO  o.s.c.s.PostProcessorRegistrationDelegate$BeanPostProcessorChecker - Bean 'dataSource' of type [com.alibaba.druid.pool.DruidDataSource] is not eligible for getting processed by all BeanPostProcessors (for example: not eligible for auto-proxying)
2018-03-14 14:18:28.001 [main] INFO  o.s.c.s.PostProcessorRegistrationDelegate$BeanPostProcessorChecker - Bean 'org.springframework.boot.autoconfigure.jdbc.DataSourceAutoConfiguration' of type [org.springframework.boot.autoconfigure.jdbc.DataSourceAutoConfiguration$$EnhancerBySpringCGLIB$$f389f9c5] is not eligible for getting processed by all BeanPostProcessors (for example: not eligible for auto-proxying)
2018-03-14 14:18:28.107 [main] INFO  o.s.c.s.PostProcessorRegistrationDelegate$BeanPostProcessorChecker - Bean 'spring.datasource-org.springframework.boot.autoconfigure.jdbc.DataSourceProperties' of type [org.springframework.boot.autoconfigure.jdbc.DataSourceProperties] is not eligible for getting processed by all BeanPostProcessors (for example: not eligible for auto-proxying)
2018-03-14 14:18:28.165 [main] INFO  o.s.c.s.PostProcessorRegistrationDelegate$BeanPostProcessorChecker - Bean 'dataSourceInitializer' of type [org.springframework.boot.autoconfigure.jdbc.DataSourceInitializer] is not eligible for getting processed by all BeanPostProcessors (for example: not eligible for auto-proxying)
2018-03-14 14:18:29.238 [main] INFO  o.s.c.s.PostProcessorRegistrationDelegate$BeanPostProcessorChecker - Bean 'sqlSessionFactory' of type [org.apache.ibatis.session.defaults.DefaultSqlSessionFactory] is not eligible for getting processed by all BeanPostProcessors (for example: not eligible for auto-proxying)
2018-03-14 14:18:29.349 [main] INFO  o.s.c.s.PostProcessorRegistrationDelegate$BeanPostProcessorChecker - Bean 'sqlSessionTemplate' of type [org.mybatis.spring.SqlSessionTemplate] is not eligible for getting processed by all BeanPostProcessors (for example: not eligible for auto-proxying)
2018-03-14 14:18:29.357 [main] INFO  o.s.c.s.PostProcessorRegistrationDelegate$BeanPostProcessorChecker - Bean 'userMapper' of type [org.mybatis.spring.mapper.MapperFactoryBean] is not eligible for getting processed by all BeanPostProcessors (for example: not eligible for auto-proxying)
2018-03-14 14:18:29.365 [main] INFO  o.s.c.s.PostProcessorRegistrationDelegate$BeanPostProcessorChecker - Bean 'userMapper' of type [com.sun.proxy.$Proxy83] is not eligible for getting processed by all BeanPostProcessors (for example: not eligible for auto-proxying)
2018-03-14 14:18:29.397 [main] INFO  o.s.c.s.PostProcessorRegistrationDelegate$BeanPostProcessorChecker - Bean 'userServiceImpl' of type [com.boleiot.service.impl.UserServiceImpl] is not eligible for getting processed by all BeanPostProcessors (for example: not eligible for auto-proxying)
2018-03-14 14:18:29.407 [main] INFO  o.s.c.s.PostProcessorRegistrationDelegate$BeanPostProcessorChecker - Bean 'authRealm' of type [com.boleiot.shiro.MyShiroRealm] is not eligible for getting processed by all BeanPostProcessors (for example: not eligible for auto-proxying)
2018-03-14 14:18:29.507 [main] INFO  o.s.c.s.PostProcessorRegistrationDelegate$BeanPostProcessorChecker - Bean 'securityManager' of type [org.apache.shiro.web.mgt.DefaultWebSecurityManager] is not eligible for getting processed by all BeanPostProcessors (for example: not eligible for auto-proxying)
2018-03-14 14:18:29.585 [main] INFO  o.s.c.s.PostProcessorRegistrationDelegate$BeanPostProcessorChecker - Bean 'authorizationAttributeSourceAdvisor' of type [org.apache.shiro.spring.security.interceptor.AuthorizationAttributeSourceAdvisor] is not eligible for getting processed by all BeanPostProcessors (for example: not eligible for auto-proxying)
2018-03-14 14:18:29.628 [main] INFO  o.s.c.s.PostProcessorRegistrationDelegate$BeanPostProcessorChecker - Bean 'org.springframework.cache.annotation.ProxyCachingConfiguration' of type [org.springframework.cache.annotation.ProxyCachingConfiguration$$EnhancerBySpringCGLIB$$5aa88c83] is not eligible for getting processed by all BeanPostProcessors (for example: not eligible for auto-proxying)
2018-03-14 14:18:30.970 [main] INFO  o.s.s.c.ThreadPoolTaskExecutor - Initializing ExecutorService  'clientInboundChannelExecutor'
2018-03-14 14:18:31.073 [main] INFO  o.s.s.c.ThreadPoolTaskExecutor - Initializing ExecutorService  'clientOutboundChannelExecutor'
2018-03-14 14:18:31.569 [main] INFO  o.s.s.c.ThreadPoolTaskScheduler - Initializing ExecutorService  'messageBrokerTaskScheduler'
2018-03-14 14:18:31.804 [main] INFO  o.s.w.s.s.s.WebSocketHandlerMapping - Mapped URL path [/boleiot-socket/**] onto handler of type [class org.springframework.web.socket.sockjs.support.SockJsHttpRequestHandler]
2018-03-14 14:18:31.897 [main] INFO  o.s.s.c.ThreadPoolTaskExecutor - Initializing ExecutorService  'brokerChannelExecutor'
2018-03-14 14:18:32.232 [main] INFO  o.s.w.s.m.WebSocketAnnotationMethodMessageHandler - Mapped "{[/chat],messageType=[MESSAGE]}" onto public void com.boleiot.controller.MessageController.chat(java.security.Principal,com.boleiot.model.SocketMessage)
2018-03-14 14:18:32.321 [main] INFO  o.s.s.c.ThreadPoolTaskExecutor - Initializing ExecutorService 
2018-03-14 14:18:32.322 [main] INFO  o.s.s.c.ThreadPoolTaskExecutor - Initializing ExecutorService  'myTaskAsyncPool'
2018-03-14 14:18:32.363 [main] INFO  o.s.s.c.ThreadPoolTaskScheduler - Initializing ExecutorService  'defaultSockJsTaskScheduler'
2018-03-14 14:18:32.386 [main] WARN  o.s.w.s.s.s.WebSocketHandlerMapping - Neither 'urlMap' nor 'mappings' set on SimpleUrlHandlerMapping
2018-03-14 14:18:33.907 [main] INFO  o.s.w.s.m.m.a.RequestMappingHandlerAdapter - Looking for @ControllerAdvice: org.springframework.web.context.support.GenericWebApplicationContext@1cbf6e72: startup date [Wed Mar 14 14:18:14 CST 2018]; root of context hierarchy
2018-03-14 14:18:34.081 [main] INFO  o.s.w.s.m.m.a.RequestMappingHandlerMapping - Mapped "{[/device/getDeviceList],methods=[POST]}" onto public java.lang.String com.boleiot.controller.DeviceController.getUserListAction(javax.servlet.http.HttpServletRequest)
2018-03-14 14:18:34.083 [main] INFO  o.s.w.s.m.m.a.RequestMappingHandlerMapping - Mapped "{[/device/add],methods=[POST]}" onto public java.lang.String com.boleiot.controller.DeviceController.addDevice(com.boleiot.model.Device)
2018-03-14 14:18:34.083 [main] INFO  o.s.w.s.m.m.a.RequestMappingHandlerMapping - Mapped "{[/device/deleteDevice/{no}],methods=[DELETE]}" onto public com.boleiot.utils.HttpResult com.boleiot.controller.DeviceController.deleteDevice(java.lang.String)
2018-03-14 14:18:34.084 [main] INFO  o.s.w.s.m.m.a.RequestMappingHandlerMapping - Mapped "{[/device/updateDevice],methods=[POST]}" onto public com.boleiot.utils.HttpResult com.boleiot.controller.DeviceController.updateDevice(java.util.Map<java.lang.String, java.lang.Object>)
2018-03-14 14:18:34.086 [main] INFO  o.s.w.s.m.m.a.RequestMappingHandlerMapping - Mapped "{[/ || /index]}" onto public java.lang.String com.boleiot.controller.PageController.index(org.springframework.ui.Model)
2018-03-14 14:18:34.086 [main] INFO  o.s.w.s.m.m.a.RequestMappingHandlerMapping - Mapped "{[/home]}" onto public java.lang.String com.boleiot.controller.PageController.home(org.springframework.ui.Model)
2018-03-14 14:18:34.088 [main] INFO  o.s.w.s.m.m.a.RequestMappingHandlerMapping - Mapped "{[/login],methods=[GET]}" onto public java.lang.String com.boleiot.controller.PageController.login()
2018-03-14 14:18:34.088 [main] INFO  o.s.w.s.m.m.a.RequestMappingHandlerMapping - Mapped "{[/terminal_list]}" onto public java.lang.String com.boleiot.controller.PageController.terminalList()
2018-03-14 14:18:34.088 [main] INFO  o.s.w.s.m.m.a.RequestMappingHandlerMapping - Mapped "{[/terminal_chat],methods=[GET]}" onto public java.lang.String com.boleiot.controller.PageController.terminalChat(java.lang.String,java.lang.String,java.lang.String,java.lang.String,org.springframework.ui.Model)
2018-03-14 14:18:34.088 [main] INFO  o.s.w.s.m.m.a.RequestMappingHandlerMapping - Mapped "{[/modif_password]}" onto public java.lang.String com.boleiot.controller.PageController.modifPassword()
2018-03-14 14:18:34.088 [main] INFO  o.s.w.s.m.m.a.RequestMappingHandlerMapping - Mapped "{[/add_terminal]}" onto public java.lang.String com.boleiot.controller.PageController.addTerminal(org.springframework.ui.Model)
2018-03-14 14:18:34.089 [main] INFO  o.s.w.s.m.m.a.RequestMappingHandlerMapping - Mapped "{[/403]}" onto public java.lang.String com.boleiot.controller.PageController.unauthorizedRole()
2018-03-14 14:18:34.091 [main] INFO  o.s.w.s.m.m.a.RequestMappingHandlerMapping - Mapped "{[/user/logout],methods=[GET]}" onto public java.lang.String com.boleiot.controller.UserController.logout()
2018-03-14 14:18:34.091 [main] INFO  o.s.w.s.m.m.a.RequestMappingHandlerMapping - Mapped "{[/user/modifyPassword],methods=[POST]}" onto public com.boleiot.utils.HttpResult com.boleiot.controller.UserController.modifyPassword(java.util.Map<java.lang.String, java.lang.Object>)
2018-03-14 14:18:34.092 [main] INFO  o.s.w.s.m.m.a.RequestMappingHandlerMapping - Mapped "{[/user/userLogin],methods=[POST]}" onto public com.boleiot.utils.HttpResult com.boleiot.controller.UserController.userLogin(java.util.Map<java.lang.String, java.lang.Object>)
2018-03-14 14:18:34.098 [main] INFO  o.s.w.s.m.m.a.RequestMappingHandlerMapping - Mapped "{[/error]}" onto public org.springframework.http.ResponseEntity<java.util.Map<java.lang.String, java.lang.Object>> org.springframework.boot.autoconfigure.web.BasicErrorController.error(javax.servlet.http.HttpServletRequest)
2018-03-14 14:18:34.099 [main] INFO  o.s.w.s.m.m.a.RequestMappingHandlerMapping - Mapped "{[/error],produces=[text/html]}" onto public org.springframework.web.servlet.ModelAndView org.springframework.boot.autoconfigure.web.BasicErrorController.errorHtml(javax.servlet.http.HttpServletRequest,javax.servlet.http.HttpServletResponse)
2018-03-14 14:18:34.256 [main] INFO  o.s.w.s.h.SimpleUrlHandlerMapping - Mapped URL path [/webjars/**] onto handler of type [class org.springframework.web.servlet.resource.ResourceHttpRequestHandler]
2018-03-14 14:18:34.256 [main] INFO  o.s.w.s.h.SimpleUrlHandlerMapping - Mapped URL path [/**] onto handler of type [class org.springframework.web.servlet.resource.ResourceHttpRequestHandler]
2018-03-14 14:18:34.423 [main] INFO  o.s.w.s.h.SimpleUrlHandlerMapping - Mapped URL path [/**/favicon.ico] onto handler of type [class org.springframework.web.servlet.resource.ResourceHttpRequestHandler]
2018-03-14 14:18:37.169 [main] INFO  o.s.c.s.DefaultLifecycleProcessor - Starting beans in phase 2147483647
2018-03-14 14:18:37.170 [main] INFO  o.s.m.s.b.SimpleBrokerMessageHandler - Starting...
2018-03-14 14:18:37.170 [main] INFO  o.s.m.s.b.SimpleBrokerMessageHandler - BrokerAvailabilityEvent[available=true, SimpleBrokerMessageHandler [DefaultSubscriptionRegistry[cache[0 destination(s)], registry[0 sessions]]]]
2018-03-14 14:18:37.172 [main] INFO  o.s.m.s.b.SimpleBrokerMessageHandler - Started.
2018-03-14 14:18:37.249 [main] INFO  MainTest - Started MainTest in 26.836 seconds (JVM running for 34.602)
2018-03-14 14:18:37.913 [main] INFO  c.alibaba.druid.pool.DruidDataSource - {dataSource-1} inited
2018-03-14 14:18:38.098 [nioEventLoopGroup-2-1] INFO  com.boleiot.handle.UdpInBoundHandler - CLIENT: 接入连接
2018-03-14 14:19:44.424 [MessageBroker-1] INFO  o.s.w.s.c.WebSocketMessageBrokerStats - WebSocketSession[0 current WS(0)-HttpStream(0)-HttpPoll(0), 0 total, 0 closed abnormally (0 connect failure, 0 send limit, 0 transport error)], stompSubProtocol[processed CONNECT(0)-CONNECTED(0)-DISCONNECT(0)], stompBrokerRelay[null], inboundChannel[pool size = 0, active threads = 0, queued tasks = 0, completed tasks = 0], outboundChannelpool size = 0, active threads = 0, queued tasks = 0, completed tasks = 0], sockJsScheduler[pool size = 1, active threads = 1, queued tasks = 0, completed tasks = 0]
2018-03-14 14:19:44.459 [Thread-3] INFO  o.s.w.c.s.GenericWebApplicationContext - Closing org.springframework.web.context.support.GenericWebApplicationContext@1cbf6e72: startup date [Wed Mar 14 14:18:14 CST 2018]; root of context hierarchy
2018-03-14 14:19:44.461 [Thread-3] INFO  o.s.c.s.DefaultLifecycleProcessor - Stopping beans in phase 2147483647
2018-03-14 14:19:44.478 [Thread-3] INFO  o.s.m.s.b.SimpleBrokerMessageHandler - Stopping...
2018-03-14 14:19:44.478 [Thread-3] INFO  o.s.m.s.b.SimpleBrokerMessageHandler - BrokerAvailabilityEvent[available=false, SimpleBrokerMessageHandler [DefaultSubscriptionRegistry[cache[0 destination(s)], registry[0 sessions]]]]
2018-03-14 14:19:44.478 [Thread-3] INFO  o.s.m.s.b.SimpleBrokerMessageHandler - Stopped.
2018-03-14 14:19:44.481 [Thread-3] INFO  o.s.s.c.ThreadPoolTaskScheduler - Shutting down ExecutorService 'defaultSockJsTaskScheduler'
2018-03-14 14:19:44.483 [Thread-3] INFO  o.s.s.c.ThreadPoolTaskExecutor - Shutting down ExecutorService 'myTaskAsyncPool'
2018-03-14 14:19:44.483 [Thread-3] INFO  o.s.s.c.ThreadPoolTaskExecutor - Shutting down ExecutorService 'brokerChannelExecutor'
2018-03-14 14:19:44.483 [Thread-3] INFO  o.s.s.c.ThreadPoolTaskScheduler - Shutting down ExecutorService 'messageBrokerTaskScheduler'
2018-03-14 14:19:44.485 [nioEventLoopGroup-2-1] INFO  com.boleiot.handle.UdpInBoundHandler - CLIENT:断开连接
2018-03-14 14:19:44.487 [Thread-3] INFO  o.s.s.c.ThreadPoolTaskExecutor - Shutting down ExecutorService 'clientOutboundChannelExecutor'
2018-03-14 14:19:44.487 [Thread-3] INFO  o.s.s.c.ThreadPoolTaskExecutor - Shutting down ExecutorService 'clientInboundChannelExecutor'
2018-03-14 14:19:44.548 [Thread-3] INFO  c.alibaba.druid.pool.DruidDataSource - {dataSource-1} closed
