2018-02-26 15:25:59.107 [restartedMain] INFO  com.boleiot.BoleiotApplication - Starting BoleiotApplication on DESKTOP-T3B34NK with PID 16076 (D:\IdeaProjects\boleiot\target\classes started by admin in D:\IdeaProjects\boleiot)
2018-02-26 15:25:59.110 [restartedMain] INFO  com.boleiot.BoleiotApplication - The following profiles are active: dev
2018-02-26 15:25:59.669 [background-preinit] INFO  o.h.validator.internal.util.Version - HV000001: Hibernate Validator 5.3.6.Final
2018-02-26 15:25:59.922 [restartedMain] INFO  o.s.b.c.e.AnnotationConfigEmbeddedWebApplicationContext - Refreshing org.springframework.boot.context.embedded.AnnotationConfigEmbeddedWebApplicationContext@62b8e534: startup date [Mon Feb 26 15:25:59 CST 2018]; root of context hierarchy
2018-02-26 15:26:03.047 [restartedMain] INFO  o.s.d.r.c.RepositoryConfigurationDelegate - Multiple Spring Data modules found, entering strict repository configuration mode!
2018-02-26 15:26:04.360 [restartedMain] INFO  o.s.c.s.PostProcessorRegistrationDelegate$BeanPostProcessorChecker - Bean 'org.springframework.transaction.annotation.ProxyTransactionManagementConfiguration' of type [org.springframework.transaction.annotation.ProxyTransactionManagementConfiguration$$EnhancerBySpringCGLIB$$68c9ac8e] is not eligible for getting processed by all BeanPostProcessors (for example: not eligible for auto-proxying)
2018-02-26 15:26:04.395 [restartedMain] INFO  o.s.c.s.PostProcessorRegistrationDelegate$BeanPostProcessorChecker - Bean 'shiroConfig' of type [com.boleiot.shiro.ShiroConfig$$EnhancerBySpringCGLIB$$813e6276] is not eligible for getting processed by all BeanPostProcessors (for example: not eligible for auto-proxying)
2018-02-26 15:26:04.863 [restartedMain] INFO  o.s.c.s.PostProcessorRegistrationDelegate$BeanPostProcessorChecker - Bean 'redisConfig' of type [com.boleiot.config.RedisConfig$$EnhancerBySpringCGLIB$$e43668b7] is not eligible for getting processed by all BeanPostProcessors (for example: not eligible for auto-proxying)
2018-02-26 15:26:05.035 [restartedMain] INFO  o.s.c.s.PostProcessorRegistrationDelegate$BeanPostProcessorChecker - Bean 'spring.redis-org.springframework.boot.autoconfigure.data.redis.RedisProperties' of type [org.springframework.boot.autoconfigure.data.redis.RedisProperties] is not eligible for getting processed by all BeanPostProcessors (for example: not eligible for auto-proxying)
2018-02-26 15:26:05.042 [restartedMain] INFO  o.s.c.s.PostProcessorRegistrationDelegate$BeanPostProcessorChecker - Bean 'org.springframework.boot.autoconfigure.data.redis.RedisAutoConfiguration$RedisConnectionConfiguration' of type [org.springframework.boot.autoconfigure.data.redis.RedisAutoConfiguration$RedisConnectionConfiguration$$EnhancerBySpringCGLIB$$fcc3d39d] is not eligible for getting processed by all BeanPostProcessors (for example: not eligible for auto-proxying)
2018-02-26 15:26:05.160 [restartedMain] INFO  o.s.c.s.PostProcessorRegistrationDelegate$BeanPostProcessorChecker - Bean 'redisConnectionFactory' of type [org.springframework.data.redis.connection.jedis.JedisConnectionFactory] is not eligible for getting processed by all BeanPostProcessors (for example: not eligible for auto-proxying)
2018-02-26 15:26:05.194 [restartedMain] INFO  o.s.c.s.PostProcessorRegistrationDelegate$BeanPostProcessorChecker - Bean 'redisTemplate' of type [org.springframework.data.redis.core.RedisTemplate] is not eligible for getting processed by all BeanPostProcessors (for example: not eligible for auto-proxying)
2018-02-26 15:26:05.197 [restartedMain] INFO  o.s.c.s.PostProcessorRegistrationDelegate$BeanPostProcessorChecker - Bean 'redisServiceImpl' of type [com.boleiot.service.impl.RedisServiceImpl] is not eligible for getting processed by all BeanPostProcessors (for example: not eligible for auto-proxying)
2018-02-26 15:26:05.198 [restartedMain] INFO  o.s.c.s.PostProcessorRegistrationDelegate$BeanPostProcessorChecker - Bean 'credentialsMatcher' of type [com.boleiot.shiro.CredentialsMatcher] is not eligible for getting processed by all BeanPostProcessors (for example: not eligible for auto-proxying)
2018-02-26 15:26:05.304 [restartedMain] INFO  o.s.c.s.PostProcessorRegistrationDelegate$BeanPostProcessorChecker - Bean 'mybatis-org.mybatis.spring.boot.autoconfigure.MybatisProperties' of type [org.mybatis.spring.boot.autoconfigure.MybatisProperties] is not eligible for getting processed by all BeanPostProcessors (for example: not eligible for auto-proxying)
2018-02-26 15:26:05.308 [restartedMain] INFO  o.s.c.s.PostProcessorRegistrationDelegate$BeanPostProcessorChecker - Bean 'org.mybatis.spring.boot.autoconfigure.MybatisAutoConfiguration' of type [org.mybatis.spring.boot.autoconfigure.MybatisAutoConfiguration$$EnhancerBySpringCGLIB$$9b9dfdbe] is not eligible for getting processed by all BeanPostProcessors (for example: not eligible for auto-proxying)
2018-02-26 15:26:05.316 [restartedMain] INFO  o.s.c.s.PostProcessorRegistrationDelegate$BeanPostProcessorChecker - Bean 'com.alibaba.druid.spring.boot.autoconfigure.DruidDataSourceAutoConfigure' of type [com.alibaba.druid.spring.boot.autoconfigure.DruidDataSourceAutoConfigure$$EnhancerBySpringCGLIB$$8275a200] is not eligible for getting processed by all BeanPostProcessors (for example: not eligible for auto-proxying)
2018-02-26 15:26:05.647 [restartedMain] INFO  o.s.c.s.PostProcessorRegistrationDelegate$BeanPostProcessorChecker - Bean 'dataSource' of type [com.alibaba.druid.pool.DruidDataSource] is not eligible for getting processed by all BeanPostProcessors (for example: not eligible for auto-proxying)
2018-02-26 15:26:05.653 [restartedMain] INFO  o.s.c.s.PostProcessorRegistrationDelegate$BeanPostProcessorChecker - Bean 'org.springframework.boot.autoconfigure.jdbc.DataSourceAutoConfiguration' of type [org.springframework.boot.autoconfigure.jdbc.DataSourceAutoConfiguration$$EnhancerBySpringCGLIB$$4abd4fee] is not eligible for getting processed by all BeanPostProcessors (for example: not eligible for auto-proxying)
2018-02-26 15:26:05.676 [restartedMain] INFO  o.s.c.s.PostProcessorRegistrationDelegate$BeanPostProcessorChecker - Bean 'spring.datasource-org.springframework.boot.autoconfigure.jdbc.DataSourceProperties' of type [org.springframework.boot.autoconfigure.jdbc.DataSourceProperties] is not eligible for getting processed by all BeanPostProcessors (for example: not eligible for auto-proxying)
2018-02-26 15:26:05.689 [restartedMain] INFO  o.s.c.s.PostProcessorRegistrationDelegate$BeanPostProcessorChecker - Bean 'dataSourceInitializer' of type [org.springframework.boot.autoconfigure.jdbc.DataSourceInitializer] is not eligible for getting processed by all BeanPostProcessors (for example: not eligible for auto-proxying)
2018-02-26 15:26:06.169 [restartedMain] INFO  o.s.c.s.PostProcessorRegistrationDelegate$BeanPostProcessorChecker - Bean 'sqlSessionFactory' of type [org.apache.ibatis.session.defaults.DefaultSqlSessionFactory] is not eligible for getting processed by all BeanPostProcessors (for example: not eligible for auto-proxying)
2018-02-26 15:26:06.178 [restartedMain] INFO  o.s.c.s.PostProcessorRegistrationDelegate$BeanPostProcessorChecker - Bean 'sqlSessionTemplate' of type [org.mybatis.spring.SqlSessionTemplate] is not eligible for getting processed by all BeanPostProcessors (for example: not eligible for auto-proxying)
2018-02-26 15:26:06.179 [restartedMain] INFO  o.s.c.s.PostProcessorRegistrationDelegate$BeanPostProcessorChecker - Bean 'userMapper' of type [org.mybatis.spring.mapper.MapperFactoryBean] is not eligible for getting processed by all BeanPostProcessors (for example: not eligible for auto-proxying)
2018-02-26 15:26:06.181 [restartedMain] INFO  o.s.c.s.PostProcessorRegistrationDelegate$BeanPostProcessorChecker - Bean 'userMapper' of type [com.sun.proxy.$Proxy79] is not eligible for getting processed by all BeanPostProcessors (for example: not eligible for auto-proxying)
2018-02-26 15:26:06.220 [restartedMain] INFO  o.s.c.s.PostProcessorRegistrationDelegate$BeanPostProcessorChecker - Bean 'userServiceImpl' of type [com.boleiot.service.impl.UserServiceImpl] is not eligible for getting processed by all BeanPostProcessors (for example: not eligible for auto-proxying)
2018-02-26 15:26:06.221 [restartedMain] INFO  o.s.c.s.PostProcessorRegistrationDelegate$BeanPostProcessorChecker - Bean 'authRealm' of type [com.boleiot.shiro.MyShiroRealm] is not eligible for getting processed by all BeanPostProcessors (for example: not eligible for auto-proxying)
2018-02-26 15:26:06.246 [restartedMain] INFO  o.s.c.s.PostProcessorRegistrationDelegate$BeanPostProcessorChecker - Bean 'securityManager' of type [org.apache.shiro.web.mgt.DefaultWebSecurityManager] is not eligible for getting processed by all BeanPostProcessors (for example: not eligible for auto-proxying)
2018-02-26 15:26:06.269 [restartedMain] INFO  o.s.c.s.PostProcessorRegistrationDelegate$BeanPostProcessorChecker - Bean 'authorizationAttributeSourceAdvisor' of type [org.apache.shiro.spring.security.interceptor.AuthorizationAttributeSourceAdvisor] is not eligible for getting processed by all BeanPostProcessors (for example: not eligible for auto-proxying)
2018-02-26 15:26:06.275 [restartedMain] INFO  o.s.c.s.PostProcessorRegistrationDelegate$BeanPostProcessorChecker - Bean 'org.springframework.cache.annotation.ProxyCachingConfiguration' of type [org.springframework.cache.annotation.ProxyCachingConfiguration$$EnhancerBySpringCGLIB$$b1dbe2ac] is not eligible for getting processed by all BeanPostProcessors (for example: not eligible for auto-proxying)
2018-02-26 15:26:06.965 [restartedMain] INFO  o.s.b.c.e.t.TomcatEmbeddedServletContainer - Tomcat initialized with port(s): 85 (http)
2018-02-26 15:26:06.991 [restartedMain] INFO  o.a.catalina.core.StandardService - Starting service [Tomcat]
2018-02-26 15:26:06.992 [restartedMain] INFO  o.a.catalina.core.StandardEngine - Starting Servlet Engine: Apache Tomcat/8.5.23
2018-02-26 15:26:07.235 [localhost-startStop-1] INFO  o.a.c.c.C.[.[localhost].[/boleiot] - Initializing Spring embedded WebApplicationContext
2018-02-26 15:26:07.235 [localhost-startStop-1] INFO  o.s.web.context.ContextLoader - Root WebApplicationContext: initialization completed in 7313 ms
2018-02-26 15:26:07.575 [localhost-startStop-1] INFO  o.s.b.w.s.ServletRegistrationBean - Mapping servlet: 'dispatcherServlet' to [/]
2018-02-26 15:26:07.577 [localhost-startStop-1] INFO  o.s.b.w.s.ServletRegistrationBean - Mapping servlet: 'statViewServlet' to [/druid/*]
2018-02-26 15:26:07.579 [localhost-startStop-1] INFO  o.s.b.w.s.FilterRegistrationBean - Mapping filter: 'characterEncodingFilter' to: [/*]
2018-02-26 15:26:07.580 [localhost-startStop-1] INFO  o.s.b.w.s.FilterRegistrationBean - Mapping filter: 'hiddenHttpMethodFilter' to: [/*]
2018-02-26 15:26:07.580 [localhost-startStop-1] INFO  o.s.b.w.s.FilterRegistrationBean - Mapping filter: 'httpPutFormContentFilter' to: [/*]
2018-02-26 15:26:07.580 [localhost-startStop-1] INFO  o.s.b.w.s.FilterRegistrationBean - Mapping filter: 'requestContextFilter' to: [/*]
2018-02-26 15:26:07.580 [localhost-startStop-1] INFO  o.s.b.w.s.FilterRegistrationBean - Mapping filter: 'webStatFilter' to urls: [/*]
2018-02-26 15:26:07.580 [localhost-startStop-1] INFO  o.s.b.w.s.FilterRegistrationBean - Mapping filter: 'shirFilter' to: [/*]
2018-02-26 15:26:08.046 [restartedMain] INFO  o.s.s.c.ThreadPoolTaskExecutor - Initializing ExecutorService  'clientInboundChannelExecutor'
2018-02-26 15:26:08.076 [restartedMain] INFO  o.s.s.c.ThreadPoolTaskExecutor - Initializing ExecutorService  'clientOutboundChannelExecutor'
2018-02-26 15:26:08.221 [restartedMain] INFO  o.s.s.c.ThreadPoolTaskScheduler - Initializing ExecutorService  'messageBrokerTaskScheduler'
2018-02-26 15:26:08.289 [restartedMain] INFO  o.s.w.s.s.s.WebSocketHandlerMapping - Mapped URL path [/boleiot-socket/**] onto handler of type [class org.springframework.web.socket.sockjs.support.SockJsHttpRequestHandler]
2018-02-26 15:26:08.329 [restartedMain] INFO  o.s.s.c.ThreadPoolTaskExecutor - Initializing ExecutorService  'brokerChannelExecutor'
2018-02-26 15:26:08.477 [restartedMain] INFO  o.s.w.s.m.WebSocketAnnotationMethodMessageHandler - Mapped "{[/chat],messageType=[MESSAGE]}" onto public void com.boleiot.controller.MessageController.chat(java.security.Principal,com.boleiot.model.SocketMessage)
2018-02-26 15:26:08.520 [restartedMain] INFO  o.s.s.c.ThreadPoolTaskExecutor - Initializing ExecutorService 
2018-02-26 15:26:08.521 [restartedMain] INFO  o.s.s.c.ThreadPoolTaskExecutor - Initializing ExecutorService  'myTaskAsyncPool'
2018-02-26 15:26:08.542 [restartedMain] INFO  o.s.s.c.ThreadPoolTaskScheduler - Initializing ExecutorService  'defaultSockJsTaskScheduler'
2018-02-26 15:26:08.553 [restartedMain] WARN  o.s.w.s.s.s.WebSocketHandlerMapping - Neither 'urlMap' nor 'mappings' set on SimpleUrlHandlerMapping
2018-02-26 15:26:08.799 [restartedMain] INFO  o.s.w.s.m.m.a.RequestMappingHandlerAdapter - Looking for @ControllerAdvice: org.springframework.boot.context.embedded.AnnotationConfigEmbeddedWebApplicationContext@62b8e534: startup date [Mon Feb 26 15:25:59 CST 2018]; root of context hierarchy
2018-02-26 15:26:08.881 [restartedMain] INFO  o.s.w.s.m.m.a.RequestMappingHandlerMapping - Mapped "{[/device/add],methods=[POST]}" onto public java.lang.String com.boleiot.controller.DeviceController.addDevice(com.boleiot.model.Device)
2018-02-26 15:26:08.882 [restartedMain] INFO  o.s.w.s.m.m.a.RequestMappingHandlerMapping - Mapped "{[/device/updateDevice],methods=[POST]}" onto public com.boleiot.utils.HttpResult com.boleiot.controller.DeviceController.updateDevice(java.util.Map<java.lang.String, java.lang.Object>)
2018-02-26 15:26:08.883 [restartedMain] INFO  o.s.w.s.m.m.a.RequestMappingHandlerMapping - Mapped "{[/device/deleteDevice/{no}],methods=[DELETE]}" onto public com.boleiot.utils.HttpResult com.boleiot.controller.DeviceController.deleteDevice(java.lang.String)
2018-02-26 15:26:08.883 [restartedMain] INFO  o.s.w.s.m.m.a.RequestMappingHandlerMapping - Mapped "{[/device/getDeviceList],methods=[POST]}" onto public java.lang.String com.boleiot.controller.DeviceController.getUserListAction(javax.servlet.http.HttpServletRequest)
2018-02-26 15:26:08.884 [restartedMain] INFO  o.s.w.s.m.m.a.RequestMappingHandlerMapping - Mapped "{[/ || /index]}" onto public java.lang.String com.boleiot.controller.PageController.index()
2018-02-26 15:26:08.884 [restartedMain] INFO  o.s.w.s.m.m.a.RequestMappingHandlerMapping - Mapped "{[/add_terminal]}" onto public java.lang.String com.boleiot.controller.PageController.addTerminal(org.springframework.ui.Model)
2018-02-26 15:26:08.884 [restartedMain] INFO  o.s.w.s.m.m.a.RequestMappingHandlerMapping - Mapped "{[/login],methods=[GET]}" onto public java.lang.String com.boleiot.controller.PageController.login()
2018-02-26 15:26:08.884 [restartedMain] INFO  o.s.w.s.m.m.a.RequestMappingHandlerMapping - Mapped "{[/403]}" onto public java.lang.String com.boleiot.controller.PageController.unauthorizedRole()
2018-02-26 15:26:08.884 [restartedMain] INFO  o.s.w.s.m.m.a.RequestMappingHandlerMapping - Mapped "{[/home]}" onto public java.lang.String com.boleiot.controller.PageController.home(org.springframework.ui.Model)
2018-02-26 15:26:08.884 [restartedMain] INFO  o.s.w.s.m.m.a.RequestMappingHandlerMapping - Mapped "{[/modif_password]}" onto public java.lang.String com.boleiot.controller.PageController.modifPassword()
2018-02-26 15:26:08.885 [restartedMain] INFO  o.s.w.s.m.m.a.RequestMappingHandlerMapping - Mapped "{[/terminal_list]}" onto public java.lang.String com.boleiot.controller.PageController.terminalList()
2018-02-26 15:26:08.886 [restartedMain] INFO  o.s.w.s.m.m.a.RequestMappingHandlerMapping - Mapped "{[/terminal_chat],methods=[GET]}" onto public java.lang.String com.boleiot.controller.PageController.terminalChat(java.lang.String,java.lang.String,java.lang.String,java.lang.String,org.springframework.ui.Model)
2018-02-26 15:26:08.887 [restartedMain] INFO  o.s.w.s.m.m.a.RequestMappingHandlerMapping - Mapped "{[/user/modifyPassword],methods=[POST]}" onto public com.boleiot.utils.HttpResult com.boleiot.controller.UserController.modifyPassword(java.util.Map<java.lang.String, java.lang.Object>)
2018-02-26 15:26:08.887 [restartedMain] INFO  o.s.w.s.m.m.a.RequestMappingHandlerMapping - Mapped "{[/user/logout],methods=[GET]}" onto public java.lang.String com.boleiot.controller.UserController.logout()
2018-02-26 15:26:08.888 [restartedMain] INFO  o.s.w.s.m.m.a.RequestMappingHandlerMapping - Mapped "{[/user/userLogin],methods=[POST]}" onto public com.boleiot.utils.HttpResult com.boleiot.controller.UserController.userLogin(java.util.Map<java.lang.String, java.lang.Object>)
2018-02-26 15:26:08.892 [restartedMain] INFO  o.s.w.s.m.m.a.RequestMappingHandlerMapping - Mapped "{[/error]}" onto public org.springframework.http.ResponseEntity<java.util.Map<java.lang.String, java.lang.Object>> org.springframework.boot.autoconfigure.web.BasicErrorController.error(javax.servlet.http.HttpServletRequest)
2018-02-26 15:26:08.892 [restartedMain] INFO  o.s.w.s.m.m.a.RequestMappingHandlerMapping - Mapped "{[/error],produces=[text/html]}" onto public org.springframework.web.servlet.ModelAndView org.springframework.boot.autoconfigure.web.BasicErrorController.errorHtml(javax.servlet.http.HttpServletRequest,javax.servlet.http.HttpServletResponse)
2018-02-26 15:26:08.953 [restartedMain] INFO  o.s.w.s.h.SimpleUrlHandlerMapping - Mapped URL path [/webjars/**] onto handler of type [class org.springframework.web.servlet.resource.ResourceHttpRequestHandler]
2018-02-26 15:26:08.953 [restartedMain] INFO  o.s.w.s.h.SimpleUrlHandlerMapping - Mapped URL path [/**] onto handler of type [class org.springframework.web.servlet.resource.ResourceHttpRequestHandler]
2018-02-26 15:26:09.017 [restartedMain] INFO  o.s.w.s.h.SimpleUrlHandlerMapping - Mapped URL path [/**/favicon.ico] onto handler of type [class org.springframework.web.servlet.resource.ResourceHttpRequestHandler]
2018-02-26 15:26:10.402 [restartedMain] INFO  o.s.b.d.a.OptionalLiveReloadServer - LiveReload server is running on port 35729
2018-02-26 15:26:10.494 [restartedMain] INFO  o.s.j.e.a.AnnotationMBeanExporter - Registering beans for JMX exposure on startup
2018-02-26 15:26:10.510 [restartedMain] INFO  o.s.j.e.a.AnnotationMBeanExporter - Bean with name 'dataSource' has been autodetected for JMX exposure
2018-02-26 15:26:10.517 [restartedMain] INFO  o.s.j.e.a.AnnotationMBeanExporter - Located MBean 'dataSource': registering with JMX server as MBean [com.alibaba.druid.pool:name=dataSource,type=DruidDataSource]
2018-02-26 15:26:10.547 [restartedMain] INFO  o.s.c.s.DefaultLifecycleProcessor - Starting beans in phase 2147483647
2018-02-26 15:26:10.548 [restartedMain] INFO  o.s.m.s.b.SimpleBrokerMessageHandler - Starting...
2018-02-26 15:26:10.548 [restartedMain] INFO  o.s.m.s.b.SimpleBrokerMessageHandler - BrokerAvailabilityEvent[available=true, SimpleBrokerMessageHandler [DefaultSubscriptionRegistry[cache[0 destination(s)], registry[0 sessions]]]]
2018-02-26 15:26:10.550 [restartedMain] INFO  o.s.m.s.b.SimpleBrokerMessageHandler - Started.
2018-02-26 15:26:10.564 [restartedMain] INFO  o.a.coyote.http11.Http11NioProtocol - Initializing ProtocolHandler ["http-nio-85"]
2018-02-26 15:26:10.572 [restartedMain] INFO  o.a.coyote.http11.Http11NioProtocol - Starting ProtocolHandler ["http-nio-85"]
2018-02-26 15:26:10.585 [restartedMain] INFO  o.a.tomcat.util.net.NioSelectorPool - Using a shared selector for servlet write/read
2018-02-26 15:26:10.615 [restartedMain] INFO  o.s.b.c.e.t.TomcatEmbeddedServletContainer - Tomcat started on port(s): 85 (http)
2018-02-26 15:26:10.635 [restartedMain] INFO  com.boleiot.BoleiotApplication - Started BoleiotApplication in 12.242 seconds (JVM running for 21.411)
2018-02-26 15:26:10.995 [nioEventLoopGroup-2-1] INFO  com.boleiot.handle.UdpInBoundHandler - CLIENT: 接入连接
2018-02-26 15:27:08.328 [MessageBroker-1] INFO  o.s.w.s.c.WebSocketMessageBrokerStats - WebSocketSession[0 current WS(0)-HttpStream(0)-HttpPoll(0), 0 total, 0 closed abnormally (0 connect failure, 0 send limit, 0 transport error)], stompSubProtocol[processed CONNECT(0)-CONNECTED(0)-DISCONNECT(0)], stompBrokerRelay[null], inboundChannel[pool size = 0, active threads = 0, queued tasks = 0, completed tasks = 0], outboundChannelpool size = 0, active threads = 0, queued tasks = 0, completed tasks = 0], sockJsScheduler[pool size = 1, active threads = 1, queued tasks = 0, completed tasks = 0]
2018-02-26 15:27:41.920 [http-nio-85-exec-1] INFO  o.a.c.c.C.[.[localhost].[/boleiot] - Initializing Spring FrameworkServlet 'dispatcherServlet'
2018-02-26 15:27:41.920 [http-nio-85-exec-1] INFO  o.s.web.servlet.DispatcherServlet - FrameworkServlet 'dispatcherServlet': initialization started
2018-02-26 15:27:41.947 [http-nio-85-exec-1] INFO  o.s.web.servlet.DispatcherServlet - FrameworkServlet 'dispatcherServlet': initialization completed in 27 ms
2018-02-26 15:27:42.662 [http-nio-85-exec-3] INFO  org.thymeleaf.TemplateEngine - [THYMELEAF] INITIALIZING TEMPLATE ENGINE
2018-02-26 15:27:42.726 [http-nio-85-exec-3] INFO  o.t.t.AbstractTemplateResolver - [THYMELEAF] INITIALIZING TEMPLATE RESOLVER: org.thymeleaf.spring4.templateresolver.SpringResourceTemplateResolver
2018-02-26 15:27:42.726 [http-nio-85-exec-3] INFO  o.t.t.AbstractTemplateResolver - [THYMELEAF] TEMPLATE RESOLVER INITIALIZED OK
2018-02-26 15:27:42.726 [http-nio-85-exec-3] INFO  o.t.m.AbstractMessageResolver - [THYMELEAF] INITIALIZING MESSAGE RESOLVER: org.thymeleaf.spring4.messageresolver.SpringMessageResolver
2018-02-26 15:27:42.726 [http-nio-85-exec-3] INFO  o.t.m.AbstractMessageResolver - [THYMELEAF] MESSAGE RESOLVER INITIALIZED OK
2018-02-26 15:27:42.730 [http-nio-85-exec-3] INFO  org.thymeleaf.TemplateEngine.CONFIG - [THYMELEAF] TEMPLATE ENGINE CONFIGURATION:
[THYMELEAF] * Cache Factory implementation: org.thymeleaf.cache.StandardCacheManager
[THYMELEAF] * Template modes:
[THYMELEAF]     * XML
[THYMELEAF]     * VALIDXHTML
[THYMELEAF]     * XHTML
[THYMELEAF]     * VALIDXML
[THYMELEAF]     * HTML5
[THYMELEAF]     * LEGACYHTML5
[THYMELEAF] * Template resolvers (in order):
[THYMELEAF]     * org.thymeleaf.spring4.templateresolver.SpringResourceTemplateResolver
[THYMELEAF] * Message resolvers (in order):
[THYMELEAF]     * org.thymeleaf.spring4.messageresolver.SpringMessageResolver
[THYMELEAF] * Dialect [1 of 2]: org.thymeleaf.spring4.dialect.SpringStandardDialect
[THYMELEAF]     * Prefix: "th"
[THYMELEAF] * Dialect [2 of 2]: nz.net.ultraq.thymeleaf.LayoutDialect
[THYMELEAF]     * Prefix: "layout"
[THYMELEAF] TEMPLATE ENGINE CONFIGURED OK
2018-02-26 15:27:42.730 [http-nio-85-exec-3] INFO  org.thymeleaf.TemplateEngine - [THYMELEAF] TEMPLATE ENGINE INITIALIZED
2018-02-26 15:27:49.554 [http-nio-85-exec-10] INFO  c.alibaba.druid.pool.DruidDataSource - {dataSource-1} inited
2018-02-26 15:27:50.970 [http-nio-85-exec-10] INFO  com.boleiot.shiro.MyShiroRealm - doGetAuthenticationInfo 验证用户身份 username = admin
2018-02-26 15:27:50.987 [http-nio-85-exec-10] INFO  com.boleiot.shiro.CredentialsMatcher - --->doCredentialsMatch password = [C@76aa1607 password2 = 3544c283f876cffedcb6009be3313924
2018-02-26 15:28:48.740 [http-nio-85-exec-5] INFO  com.boleiot.shiro.MyShiroRealm - doGetAuthenticationInfo 验证用户身份 username = admin
2018-02-26 15:28:48.741 [http-nio-85-exec-5] INFO  com.boleiot.shiro.CredentialsMatcher - --->doCredentialsMatch password = [C@2394052 password2 = 3544c283f876cffedcb6009be3313924
2018-02-26 15:29:31.006 [restartedMain] INFO  com.boleiot.BoleiotApplication - Starting BoleiotApplication on DESKTOP-T3B34NK with PID 5432 (D:\IdeaProjects\boleiot\target\classes started by admin in D:\IdeaProjects\boleiot)
2018-02-26 15:29:31.010 [restartedMain] INFO  com.boleiot.BoleiotApplication - The following profiles are active: dev
2018-02-26 15:29:31.335 [background-preinit] INFO  o.h.validator.internal.util.Version - HV000001: Hibernate Validator 5.3.6.Final
2018-02-26 15:29:31.368 [restartedMain] INFO  o.s.b.c.e.AnnotationConfigEmbeddedWebApplicationContext - Refreshing org.springframework.boot.context.embedded.AnnotationConfigEmbeddedWebApplicationContext@3f1d916c: startup date [Mon Feb 26 15:29:31 CST 2018]; root of context hierarchy
2018-02-26 15:29:33.102 [restartedMain] INFO  o.s.d.r.c.RepositoryConfigurationDelegate - Multiple Spring Data modules found, entering strict repository configuration mode!
2018-02-26 15:29:33.588 [restartedMain] INFO  o.s.c.s.PostProcessorRegistrationDelegate$BeanPostProcessorChecker - Bean 'org.springframework.transaction.annotation.ProxyTransactionManagementConfiguration' of type [org.springframework.transaction.annotation.ProxyTransactionManagementConfiguration$$EnhancerBySpringCGLIB$$325032d8] is not eligible for getting processed by all BeanPostProcessors (for example: not eligible for auto-proxying)
2018-02-26 15:29:33.627 [restartedMain] INFO  o.s.c.s.PostProcessorRegistrationDelegate$BeanPostProcessorChecker - Bean 'shiroConfig' of type [com.boleiot.shiro.ShiroConfig$$EnhancerBySpringCGLIB$$4ac4e8c0] is not eligible for getting processed by all BeanPostProcessors (for example: not eligible for auto-proxying)
2018-02-26 15:29:33.829 [restartedMain] INFO  o.s.c.s.PostProcessorRegistrationDelegate$BeanPostProcessorChecker - Bean 'redisConfig' of type [com.boleiot.config.RedisConfig$$EnhancerBySpringCGLIB$$adbcef01] is not eligible for getting processed by all BeanPostProcessors (for example: not eligible for auto-proxying)
2018-02-26 15:29:33.951 [restartedMain] INFO  o.s.c.s.PostProcessorRegistrationDelegate$BeanPostProcessorChecker - Bean 'spring.redis-org.springframework.boot.autoconfigure.data.redis.RedisProperties' of type [org.springframework.boot.autoconfigure.data.redis.RedisProperties] is not eligible for getting processed by all BeanPostProcessors (for example: not eligible for auto-proxying)
2018-02-26 15:29:33.960 [restartedMain] INFO  o.s.c.s.PostProcessorRegistrationDelegate$BeanPostProcessorChecker - Bean 'org.springframework.boot.autoconfigure.data.redis.RedisAutoConfiguration$RedisConnectionConfiguration' of type [org.springframework.boot.autoconfigure.data.redis.RedisAutoConfiguration$RedisConnectionConfiguration$$EnhancerBySpringCGLIB$$c64a59e7] is not eligible for getting processed by all BeanPostProcessors (for example: not eligible for auto-proxying)
2018-02-26 15:29:34.013 [restartedMain] INFO  o.s.c.s.PostProcessorRegistrationDelegate$BeanPostProcessorChecker - Bean 'redisConnectionFactory' of type [org.springframework.data.redis.connection.jedis.JedisConnectionFactory] is not eligible for getting processed by all BeanPostProcessors (for example: not eligible for auto-proxying)
2018-02-26 15:29:34.071 [restartedMain] INFO  o.s.c.s.PostProcessorRegistrationDelegate$BeanPostProcessorChecker - Bean 'redisTemplate' of type [org.springframework.data.redis.core.RedisTemplate] is not eligible for getting processed by all BeanPostProcessors (for example: not eligible for auto-proxying)
2018-02-26 15:29:34.080 [restartedMain] INFO  o.s.c.s.PostProcessorRegistrationDelegate$BeanPostProcessorChecker - Bean 'redisServiceImpl' of type [com.boleiot.service.impl.RedisServiceImpl] is not eligible for getting processed by all BeanPostProcessors (for example: not eligible for auto-proxying)
2018-02-26 15:29:34.081 [restartedMain] INFO  o.s.c.s.PostProcessorRegistrationDelegate$BeanPostProcessorChecker - Bean 'credentialsMatcher' of type [com.boleiot.shiro.CredentialsMatcher] is not eligible for getting processed by all BeanPostProcessors (for example: not eligible for auto-proxying)
2018-02-26 15:29:34.226 [restartedMain] INFO  o.s.c.s.PostProcessorRegistrationDelegate$BeanPostProcessorChecker - Bean 'mybatis-org.mybatis.spring.boot.autoconfigure.MybatisProperties' of type [org.mybatis.spring.boot.autoconfigure.MybatisProperties] is not eligible for getting processed by all BeanPostProcessors (for example: not eligible for auto-proxying)
2018-02-26 15:29:34.233 [restartedMain] INFO  o.s.c.s.PostProcessorRegistrationDelegate$BeanPostProcessorChecker - Bean 'org.mybatis.spring.boot.autoconfigure.MybatisAutoConfiguration' of type [org.mybatis.spring.boot.autoconfigure.MybatisAutoConfiguration$$EnhancerBySpringCGLIB$$65248408] is not eligible for getting processed by all BeanPostProcessors (for example: not eligible for auto-proxying)
2018-02-26 15:29:34.241 [restartedMain] INFO  o.s.c.s.PostProcessorRegistrationDelegate$BeanPostProcessorChecker - Bean 'com.alibaba.druid.spring.boot.autoconfigure.DruidDataSourceAutoConfigure' of type [com.alibaba.druid.spring.boot.autoconfigure.DruidDataSourceAutoConfigure$$EnhancerBySpringCGLIB$$4bfc284a] is not eligible for getting processed by all BeanPostProcessors (for example: not eligible for auto-proxying)
2018-02-26 15:29:34.584 [restartedMain] INFO  o.s.c.s.PostProcessorRegistrationDelegate$BeanPostProcessorChecker - Bean 'dataSource' of type [com.alibaba.druid.pool.DruidDataSource] is not eligible for getting processed by all BeanPostProcessors (for example: not eligible for auto-proxying)
2018-02-26 15:29:34.590 [restartedMain] INFO  o.s.c.s.PostProcessorRegistrationDelegate$BeanPostProcessorChecker - Bean 'org.springframework.boot.autoconfigure.jdbc.DataSourceAutoConfiguration' of type [org.springframework.boot.autoconfigure.jdbc.DataSourceAutoConfiguration$$EnhancerBySpringCGLIB$$1443d638] is not eligible for getting processed by all BeanPostProcessors (for example: not eligible for auto-proxying)
2018-02-26 15:29:34.630 [restartedMain] INFO  o.s.c.s.PostProcessorRegistrationDelegate$BeanPostProcessorChecker - Bean 'spring.datasource-org.springframework.boot.autoconfigure.jdbc.DataSourceProperties' of type [org.springframework.boot.autoconfigure.jdbc.DataSourceProperties] is not eligible for getting processed by all BeanPostProcessors (for example: not eligible for auto-proxying)
2018-02-26 15:29:34.641 [restartedMain] INFO  o.s.c.s.PostProcessorRegistrationDelegate$BeanPostProcessorChecker - Bean 'dataSourceInitializer' of type [org.springframework.boot.autoconfigure.jdbc.DataSourceInitializer] is not eligible for getting processed by all BeanPostProcessors (for example: not eligible for auto-proxying)
2018-02-26 15:29:34.929 [restartedMain] INFO  o.s.c.s.PostProcessorRegistrationDelegate$BeanPostProcessorChecker - Bean 'sqlSessionFactory' of type [org.apache.ibatis.session.defaults.DefaultSqlSessionFactory] is not eligible for getting processed by all BeanPostProcessors (for example: not eligible for auto-proxying)
2018-02-26 15:29:34.940 [restartedMain] INFO  o.s.c.s.PostProcessorRegistrationDelegate$BeanPostProcessorChecker - Bean 'sqlSessionTemplate' of type [org.mybatis.spring.SqlSessionTemplate] is not eligible for getting processed by all BeanPostProcessors (for example: not eligible for auto-proxying)
2018-02-26 15:29:34.941 [restartedMain] INFO  o.s.c.s.PostProcessorRegistrationDelegate$BeanPostProcessorChecker - Bean 'userMapper' of type [org.mybatis.spring.mapper.MapperFactoryBean] is not eligible for getting processed by all BeanPostProcessors (for example: not eligible for auto-proxying)
2018-02-26 15:29:34.943 [restartedMain] INFO  o.s.c.s.PostProcessorRegistrationDelegate$BeanPostProcessorChecker - Bean 'userMapper' of type [com.sun.proxy.$Proxy79] is not eligible for getting processed by all BeanPostProcessors (for example: not eligible for auto-proxying)
2018-02-26 15:29:34.948 [restartedMain] INFO  o.s.c.s.PostProcessorRegistrationDelegate$BeanPostProcessorChecker - Bean 'userServiceImpl' of type [com.boleiot.service.impl.UserServiceImpl] is not eligible for getting processed by all BeanPostProcessors (for example: not eligible for auto-proxying)
2018-02-26 15:29:34.949 [restartedMain] INFO  o.s.c.s.PostProcessorRegistrationDelegate$BeanPostProcessorChecker - Bean 'authRealm' of type [com.boleiot.shiro.MyShiroRealm] is not eligible for getting processed by all BeanPostProcessors (for example: not eligible for auto-proxying)
2018-02-26 15:29:34.962 [restartedMain] INFO  o.s.c.s.PostProcessorRegistrationDelegate$BeanPostProcessorChecker - Bean 'securityManager' of type [org.apache.shiro.web.mgt.DefaultWebSecurityManager] is not eligible for getting processed by all BeanPostProcessors (for example: not eligible for auto-proxying)
2018-02-26 15:29:34.976 [restartedMain] INFO  o.s.c.s.PostProcessorRegistrationDelegate$BeanPostProcessorChecker - Bean 'authorizationAttributeSourceAdvisor' of type [org.apache.shiro.spring.security.interceptor.AuthorizationAttributeSourceAdvisor] is not eligible for getting processed by all BeanPostProcessors (for example: not eligible for auto-proxying)
2018-02-26 15:29:34.981 [restartedMain] INFO  o.s.c.s.PostProcessorRegistrationDelegate$BeanPostProcessorChecker - Bean 'org.springframework.cache.annotation.ProxyCachingConfiguration' of type [org.springframework.cache.annotation.ProxyCachingConfiguration$$EnhancerBySpringCGLIB$$7b6268f6] is not eligible for getting processed by all BeanPostProcessors (for example: not eligible for auto-proxying)
2018-02-26 15:29:35.607 [restartedMain] INFO  o.s.b.c.e.t.TomcatEmbeddedServletContainer - Tomcat initialized with port(s): 85 (http)
2018-02-26 15:29:35.616 [restartedMain] INFO  o.a.catalina.core.StandardService - Starting service [Tomcat]
2018-02-26 15:29:35.617 [restartedMain] INFO  o.a.catalina.core.StandardEngine - Starting Servlet Engine: Apache Tomcat/8.5.23
2018-02-26 15:29:35.832 [localhost-startStop-1] INFO  o.a.c.c.C.[.[localhost].[/boleiot] - Initializing Spring embedded WebApplicationContext
2018-02-26 15:29:35.832 [localhost-startStop-1] INFO  o.s.web.context.ContextLoader - Root WebApplicationContext: initialization completed in 4464 ms
2018-02-26 15:29:36.093 [localhost-startStop-1] INFO  o.s.b.w.s.ServletRegistrationBean - Mapping servlet: 'dispatcherServlet' to [/]
2018-02-26 15:29:36.095 [localhost-startStop-1] INFO  o.s.b.w.s.ServletRegistrationBean - Mapping servlet: 'statViewServlet' to [/druid/*]
2018-02-26 15:29:36.098 [localhost-startStop-1] INFO  o.s.b.w.s.FilterRegistrationBean - Mapping filter: 'characterEncodingFilter' to: [/*]
2018-02-26 15:29:36.099 [localhost-startStop-1] INFO  o.s.b.w.s.FilterRegistrationBean - Mapping filter: 'hiddenHttpMethodFilter' to: [/*]
2018-02-26 15:29:36.099 [localhost-startStop-1] INFO  o.s.b.w.s.FilterRegistrationBean - Mapping filter: 'httpPutFormContentFilter' to: [/*]
2018-02-26 15:29:36.099 [localhost-startStop-1] INFO  o.s.b.w.s.FilterRegistrationBean - Mapping filter: 'requestContextFilter' to: [/*]
2018-02-26 15:29:36.099 [localhost-startStop-1] INFO  o.s.b.w.s.FilterRegistrationBean - Mapping filter: 'webStatFilter' to urls: [/*]
2018-02-26 15:29:36.099 [localhost-startStop-1] INFO  o.s.b.w.s.FilterRegistrationBean - Mapping filter: 'shirFilter' to: [/*]
2018-02-26 15:29:36.532 [restartedMain] INFO  o.s.s.c.ThreadPoolTaskExecutor - Initializing ExecutorService  'clientInboundChannelExecutor'
2018-02-26 15:29:36.558 [restartedMain] INFO  o.s.s.c.ThreadPoolTaskExecutor - Initializing ExecutorService  'clientOutboundChannelExecutor'
2018-02-26 15:29:36.672 [restartedMain] INFO  o.s.s.c.ThreadPoolTaskScheduler - Initializing ExecutorService  'messageBrokerTaskScheduler'
2018-02-26 15:29:36.718 [restartedMain] INFO  o.s.w.s.s.s.WebSocketHandlerMapping - Mapped URL path [/boleiot-socket/**] onto handler of type [class org.springframework.web.socket.sockjs.support.SockJsHttpRequestHandler]
2018-02-26 15:29:36.741 [restartedMain] INFO  o.s.s.c.ThreadPoolTaskExecutor - Initializing ExecutorService  'brokerChannelExecutor'
2018-02-26 15:29:36.896 [restartedMain] INFO  o.s.w.s.m.WebSocketAnnotationMethodMessageHandler - Mapped "{[/chat],messageType=[MESSAGE]}" onto public void com.boleiot.controller.MessageController.chat(java.security.Principal,com.boleiot.model.SocketMessage)
2018-02-26 15:29:37.003 [restartedMain] INFO  o.s.s.c.ThreadPoolTaskExecutor - Initializing ExecutorService 
2018-02-26 15:29:37.004 [restartedMain] INFO  o.s.s.c.ThreadPoolTaskExecutor - Initializing ExecutorService  'myTaskAsyncPool'
2018-02-26 15:29:37.027 [restartedMain] INFO  o.s.s.c.ThreadPoolTaskScheduler - Initializing ExecutorService  'defaultSockJsTaskScheduler'
2018-02-26 15:29:37.044 [restartedMain] WARN  o.s.w.s.s.s.WebSocketHandlerMapping - Neither 'urlMap' nor 'mappings' set on SimpleUrlHandlerMapping
2018-02-26 15:29:37.271 [restartedMain] INFO  o.s.w.s.m.m.a.RequestMappingHandlerAdapter - Looking for @ControllerAdvice: org.springframework.boot.context.embedded.AnnotationConfigEmbeddedWebApplicationContext@3f1d916c: startup date [Mon Feb 26 15:29:31 CST 2018]; root of context hierarchy
2018-02-26 15:29:37.338 [restartedMain] INFO  o.s.w.s.m.m.a.RequestMappingHandlerMapping - Mapped "{[/device/add],methods=[POST]}" onto public java.lang.String com.boleiot.controller.DeviceController.addDevice(com.boleiot.model.Device)
2018-02-26 15:29:37.340 [restartedMain] INFO  o.s.w.s.m.m.a.RequestMappingHandlerMapping - Mapped "{[/device/deleteDevice/{no}],methods=[DELETE]}" onto public com.boleiot.utils.HttpResult com.boleiot.controller.DeviceController.deleteDevice(java.lang.String)
2018-02-26 15:29:37.340 [restartedMain] INFO  o.s.w.s.m.m.a.RequestMappingHandlerMapping - Mapped "{[/device/updateDevice],methods=[POST]}" onto public com.boleiot.utils.HttpResult com.boleiot.controller.DeviceController.updateDevice(java.util.Map<java.lang.String, java.lang.Object>)
2018-02-26 15:29:37.340 [restartedMain] INFO  o.s.w.s.m.m.a.RequestMappingHandlerMapping - Mapped "{[/device/getDeviceList],methods=[POST]}" onto public java.lang.String com.boleiot.controller.DeviceController.getUserListAction(javax.servlet.http.HttpServletRequest)
2018-02-26 15:29:37.341 [restartedMain] INFO  o.s.w.s.m.m.a.RequestMappingHandlerMapping - Mapped "{[/ || /index]}" onto public java.lang.String com.boleiot.controller.PageController.index()
2018-02-26 15:29:37.342 [restartedMain] INFO  o.s.w.s.m.m.a.RequestMappingHandlerMapping - Mapped "{[/home]}" onto public java.lang.String com.boleiot.controller.PageController.home(org.springframework.ui.Model)
2018-02-26 15:29:37.342 [restartedMain] INFO  o.s.w.s.m.m.a.RequestMappingHandlerMapping - Mapped "{[/login],methods=[GET]}" onto public java.lang.String com.boleiot.controller.PageController.login()
2018-02-26 15:29:37.342 [restartedMain] INFO  o.s.w.s.m.m.a.RequestMappingHandlerMapping - Mapped "{[/terminal_list]}" onto public java.lang.String com.boleiot.controller.PageController.terminalList()
2018-02-26 15:29:37.342 [restartedMain] INFO  o.s.w.s.m.m.a.RequestMappingHandlerMapping - Mapped "{[/modif_password]}" onto public java.lang.String com.boleiot.controller.PageController.modifPassword()
2018-02-26 15:29:37.342 [restartedMain] INFO  o.s.w.s.m.m.a.RequestMappingHandlerMapping - Mapped "{[/add_terminal]}" onto public java.lang.String com.boleiot.controller.PageController.addTerminal(org.springframework.ui.Model)
2018-02-26 15:29:37.343 [restartedMain] INFO  o.s.w.s.m.m.a.RequestMappingHandlerMapping - Mapped "{[/403]}" onto public java.lang.String com.boleiot.controller.PageController.unauthorizedRole()
2018-02-26 15:29:37.343 [restartedMain] INFO  o.s.w.s.m.m.a.RequestMappingHandlerMapping - Mapped "{[/terminal_chat],methods=[GET]}" onto public java.lang.String com.boleiot.controller.PageController.terminalChat(java.lang.String,java.lang.String,java.lang.String,java.lang.String,org.springframework.ui.Model)
2018-02-26 15:29:37.345 [restartedMain] INFO  o.s.w.s.m.m.a.RequestMappingHandlerMapping - Mapped "{[/user/userLogin],methods=[POST]}" onto public com.boleiot.utils.HttpResult com.boleiot.controller.UserController.userLogin(java.util.Map<java.lang.String, java.lang.Object>)
2018-02-26 15:29:37.345 [restartedMain] INFO  o.s.w.s.m.m.a.RequestMappingHandlerMapping - Mapped "{[/user/logout],methods=[GET]}" onto public java.lang.String com.boleiot.controller.UserController.logout()
2018-02-26 15:29:37.346 [restartedMain] INFO  o.s.w.s.m.m.a.RequestMappingHandlerMapping - Mapped "{[/user/modifyPassword],methods=[POST]}" onto public com.boleiot.utils.HttpResult com.boleiot.controller.UserController.modifyPassword(java.util.Map<java.lang.String, java.lang.Object>)
2018-02-26 15:29:37.349 [restartedMain] INFO  o.s.w.s.m.m.a.RequestMappingHandlerMapping - Mapped "{[/error]}" onto public org.springframework.http.ResponseEntity<java.util.Map<java.lang.String, java.lang.Object>> org.springframework.boot.autoconfigure.web.BasicErrorController.error(javax.servlet.http.HttpServletRequest)
2018-02-26 15:29:37.350 [restartedMain] INFO  o.s.w.s.m.m.a.RequestMappingHandlerMapping - Mapped "{[/error],produces=[text/html]}" onto public org.springframework.web.servlet.ModelAndView org.springframework.boot.autoconfigure.web.BasicErrorController.errorHtml(javax.servlet.http.HttpServletRequest,javax.servlet.http.HttpServletResponse)
2018-02-26 15:29:37.421 [restartedMain] INFO  o.s.w.s.h.SimpleUrlHandlerMapping - Mapped URL path [/webjars/**] onto handler of type [class org.springframework.web.servlet.resource.ResourceHttpRequestHandler]
2018-02-26 15:29:37.422 [restartedMain] INFO  o.s.w.s.h.SimpleUrlHandlerMapping - Mapped URL path [/**] onto handler of type [class org.springframework.web.servlet.resource.ResourceHttpRequestHandler]
2018-02-26 15:29:37.500 [restartedMain] INFO  o.s.w.s.h.SimpleUrlHandlerMapping - Mapped URL path [/**/favicon.ico] onto handler of type [class org.springframework.web.servlet.resource.ResourceHttpRequestHandler]
2018-02-26 15:29:38.352 [restartedMain] INFO  o.s.b.d.a.OptionalLiveReloadServer - LiveReload server is running on port 35729
2018-02-26 15:29:38.443 [restartedMain] INFO  o.s.j.e.a.AnnotationMBeanExporter - Registering beans for JMX exposure on startup
2018-02-26 15:29:38.445 [restartedMain] INFO  o.s.j.e.a.AnnotationMBeanExporter - Bean with name 'dataSource' has been autodetected for JMX exposure
2018-02-26 15:29:38.453 [restartedMain] INFO  o.s.j.e.a.AnnotationMBeanExporter - Located MBean 'dataSource': registering with JMX server as MBean [com.alibaba.druid.pool:name=dataSource,type=DruidDataSource]
2018-02-26 15:29:38.457 [restartedMain] INFO  o.s.c.s.DefaultLifecycleProcessor - Starting beans in phase 2147483647
2018-02-26 15:29:38.457 [restartedMain] INFO  o.s.m.s.b.SimpleBrokerMessageHandler - Starting...
2018-02-26 15:29:38.457 [restartedMain] INFO  o.s.m.s.b.SimpleBrokerMessageHandler - BrokerAvailabilityEvent[available=true, SimpleBrokerMessageHandler [DefaultSubscriptionRegistry[cache[0 destination(s)], registry[0 sessions]]]]
2018-02-26 15:29:38.459 [restartedMain] INFO  o.s.m.s.b.SimpleBrokerMessageHandler - Started.
2018-02-26 15:29:38.474 [restartedMain] INFO  o.a.coyote.http11.Http11NioProtocol - Initializing ProtocolHandler ["http-nio-85"]
2018-02-26 15:29:38.485 [restartedMain] INFO  o.a.coyote.http11.Http11NioProtocol - Starting ProtocolHandler ["http-nio-85"]
2018-02-26 15:29:38.500 [restartedMain] INFO  o.a.tomcat.util.net.NioSelectorPool - Using a shared selector for servlet write/read
2018-02-26 15:29:38.518 [restartedMain] INFO  o.s.b.c.e.t.TomcatEmbeddedServletContainer - Tomcat started on port(s): 85 (http)
2018-02-26 15:29:38.530 [restartedMain] INFO  com.boleiot.BoleiotApplication - Started BoleiotApplication in 8.061 seconds (JVM running for 9.823)
2018-02-26 15:29:38.718 [nioEventLoopGroup-2-1] INFO  com.boleiot.handle.UdpInBoundHandler - CLIENT: 接入连接
2018-02-26 15:29:41.125 [http-nio-85-exec-2] INFO  o.a.c.c.C.[.[localhost].[/boleiot] - Initializing Spring FrameworkServlet 'dispatcherServlet'
2018-02-26 15:29:41.125 [http-nio-85-exec-2] INFO  o.s.web.servlet.DispatcherServlet - FrameworkServlet 'dispatcherServlet': initialization started
2018-02-26 15:29:41.156 [http-nio-85-exec-2] INFO  o.s.web.servlet.DispatcherServlet - FrameworkServlet 'dispatcherServlet': initialization completed in 30 ms
2018-02-26 15:29:41.253 [http-nio-85-exec-1] INFO  org.thymeleaf.TemplateEngine - [THYMELEAF] INITIALIZING TEMPLATE ENGINE
2018-02-26 15:29:41.286 [http-nio-85-exec-1] INFO  o.t.t.AbstractTemplateResolver - [THYMELEAF] INITIALIZING TEMPLATE RESOLVER: org.thymeleaf.spring4.templateresolver.SpringResourceTemplateResolver
2018-02-26 15:29:41.286 [http-nio-85-exec-1] INFO  o.t.t.AbstractTemplateResolver - [THYMELEAF] TEMPLATE RESOLVER INITIALIZED OK
2018-02-26 15:29:41.287 [http-nio-85-exec-1] INFO  o.t.m.AbstractMessageResolver - [THYMELEAF] INITIALIZING MESSAGE RESOLVER: org.thymeleaf.spring4.messageresolver.SpringMessageResolver
2018-02-26 15:29:41.287 [http-nio-85-exec-1] INFO  o.t.m.AbstractMessageResolver - [THYMELEAF] MESSAGE RESOLVER INITIALIZED OK
2018-02-26 15:29:41.290 [http-nio-85-exec-1] INFO  org.thymeleaf.TemplateEngine.CONFIG - [THYMELEAF] TEMPLATE ENGINE CONFIGURATION:
[THYMELEAF] * Cache Factory implementation: org.thymeleaf.cache.StandardCacheManager
[THYMELEAF] * Template modes:
[THYMELEAF]     * LEGACYHTML5
[THYMELEAF]     * VALIDXHTML
[THYMELEAF]     * XML
[THYMELEAF]     * XHTML
[THYMELEAF]     * VALIDXML
[THYMELEAF]     * HTML5
[THYMELEAF] * Template resolvers (in order):
[THYMELEAF]     * org.thymeleaf.spring4.templateresolver.SpringResourceTemplateResolver
[THYMELEAF] * Message resolvers (in order):
[THYMELEAF]     * org.thymeleaf.spring4.messageresolver.SpringMessageResolver
[THYMELEAF] * Dialect [1 of 2]: org.thymeleaf.spring4.dialect.SpringStandardDialect
[THYMELEAF]     * Prefix: "th"
[THYMELEAF] * Dialect [2 of 2]: nz.net.ultraq.thymeleaf.LayoutDialect
[THYMELEAF]     * Prefix: "layout"
[THYMELEAF] TEMPLATE ENGINE CONFIGURED OK
2018-02-26 15:29:41.290 [http-nio-85-exec-1] INFO  org.thymeleaf.TemplateEngine - [THYMELEAF] TEMPLATE ENGINE INITIALIZED
2018-02-26 15:29:47.119 [http-nio-85-exec-9] INFO  c.alibaba.druid.pool.DruidDataSource - {dataSource-1} inited
2018-02-26 15:29:47.370 [http-nio-85-exec-9] INFO  com.boleiot.shiro.MyShiroRealm - doGetAuthenticationInfo 验证用户身份 username = admin
2018-02-26 15:29:47.373 [http-nio-85-exec-9] INFO  com.boleiot.shiro.CredentialsMatcher - --->doCredentialsMatch password = [C@2b661b90 password2 = 3544c283f876cffedcb6009be3313924
2018-02-26 15:30:36.738 [MessageBroker-1] INFO  o.s.w.s.c.WebSocketMessageBrokerStats - WebSocketSession[0 current WS(0)-HttpStream(0)-HttpPoll(0), 0 total, 0 closed abnormally (0 connect failure, 0 send limit, 0 transport error)], stompSubProtocol[processed CONNECT(0)-CONNECTED(0)-DISCONNECT(0)], stompBrokerRelay[null], inboundChannel[pool size = 0, active threads = 0, queued tasks = 0, completed tasks = 0], outboundChannelpool size = 0, active threads = 0, queued tasks = 0, completed tasks = 0], sockJsScheduler[pool size = 1, active threads = 1, queued tasks = 0, completed tasks = 0]
2018-02-26 16:00:36.838 [MessageBroker-1] INFO  o.s.w.s.c.WebSocketMessageBrokerStats - WebSocketSession[0 current WS(0)-HttpStream(0)-HttpPoll(0), 0 total, 0 closed abnormally (0 connect failure, 0 send limit, 0 transport error)], stompSubProtocol[processed CONNECT(0)-CONNECTED(0)-DISCONNECT(0)], stompBrokerRelay[null], inboundChannel[pool size = 0, active threads = 0, queued tasks = 0, completed tasks = 0], outboundChannelpool size = 0, active threads = 0, queued tasks = 0, completed tasks = 0], sockJsScheduler[pool size = 2, active threads = 1, queued tasks = 0, completed tasks = 1]
